time=2024-07-12T10:35:47.072+05:00 level=ERROR msg="Malumotlarni insert qilishda xatolik: dial tcp: address localhost::5432: too many colons in address"
time=2024-07-12T10:37:18.737+05:00 level=ERROR msg="Malumotlarni insert qilishda xatolik: dial tcp: address localhost::5432: too many colons in address"
time=2024-07-12T10:42:32.878+05:00 level=ERROR msg="Malumotlarni insert qilishda xatolik: dial tcp: address localhost::5432: too many colons in address"
time=2024-07-12T10:46:30.982+05:00 level=ERROR msg="Malumotlarni insert qilishda xatolik: dial tcp: address localhost::5432: too many colons in address"
time=2024-07-12T10:47:23.324+05:00 level=ERROR msg="Malumotlarni insert qilishda xatolik: dial tcp: address localhost::5432: too many colons in address"
time=2024-07-12T10:51:18.197+05:00 level=ERROR msg="Malumotlarni insert qilishda xatolik: dial tcp: address localhost::5432: too many colons in address"
time=2024-07-12T10:52:49.717+05:00 level=ERROR msg="Malumotlarni insert qilishda xatolik: dial tcp: address localhost::5432: too many colons in address"
time=2024-07-12T10:56:24.754+05:00 level=ERROR msg="Malumotlarni insert qilishda xatolik: dial tcp: address localhost::5432: too many colons in address"
time=2024-07-12T11:08:41.026+05:00 level=ERROR msg="Malumotlarni insert qilishda xatolik: dial tcp: address localhost::5432: too many colons in address"
time=2024-07-12T11:12:54.165+05:00 level=ERROR msg="Creating error: dial tcp: address localhost::5432: too many colons in address"
time=2024-07-12T11:18:20.945+05:00 level=ERROR msg="Creating error: dial tcp: address localhost::5432: too many colons in address"
time=2024-07-12T11:18:29.613+05:00 level=ERROR msg="Creating error: dial tcp: address localhost::5432: too many colons in address"
time=2024-07-12T11:23:03.378+05:00 level=ERROR msg="Creating error: dial tcp: address localhost::5432: too many colons in address"
time=2024-07-12T11:27:13.617+05:00 level=ERROR msg="Creating error: pq: invalid input syntax for type uuid: \"1234\""
time=2024-07-12T12:40:32.416+05:00 level=ERROR msg="Malumotni olishda xatolik: pq: column \"restuarant_id\" does not exist"
time=2024-07-12T12:48:55.351+05:00 level=ERROR msg="Malumotlarni olishda xatolik: pq: column \"restuarant_id\" does not exist"
time=2024-07-12T12:48:57.512+05:00 level=ERROR msg="Malumotlarni olishda xatolik: pq: column \"restuarant_id\" does not exist"
time=2024-07-12T12:51:38.061+05:00 level=ERROR msg="Malumotni delete qilishda xatolik: pq: invalid input syntax for type uuid: \":id\""
time=2024-07-12T12:51:39.575+05:00 level=ERROR msg="Malumotni delete qilishda xatolik: pq: invalid input syntax for type uuid: \":id\""
time=2024-07-12T12:53:59.526+05:00 level=ERROR msg="Malumotni delete qilishda xatolik: pq: invalid input syntax for type uuid: \":id\""
time=2024-07-12T12:56:03.056+05:00 level=ERROR msg="Malumotni delete qilishda xatolik: pq: invalid input syntax for type uuid: \":id\""
time=2024-07-12T13:00:45.867+05:00 level=ERROR msg="Malumotlarni insert qilishda xatolik: pq: column \"restuarant_id\" of relation \"reservations\" does not exist"
time=2024-07-12T13:00:54.224+05:00 level=ERROR msg="Malumotlarni insert qilishda xatolik: pq: column \"restuarant_id\" of relation \"reservations\" does not exist"
time=2024-07-12T13:02:06.472+05:00 level=ERROR msg="Malumotlarni insert qilishda xatolik: pq: column \"restuarant_id\" of relation \"reservations\" does not exist"
time=2024-07-12T13:07:04.969+05:00 level=ERROR msg="Bitta malumotni olishda xatolik: pq: column \"res_time\" does not exist"
time=2024-07-12T13:08:34.458+05:00 level=ERROR msg="Bitta malumotni olishda xatolik: sql: Scan error on column index 4, name \"status\": converting NULL to string is unsupported"
time=2024-07-12T13:12:24.345+05:00 level=ERROR msg="User id buyicha malumotlarni olishda xatolik: pq: invalid input syntax for type uuid: \"\""
time=2024-07-12T13:12:25.593+05:00 level=ERROR msg="User id buyicha malumotlarni olishda xatolik: pq: invalid input syntax for type uuid: \"\""
time=2024-07-12T13:13:27.372+05:00 level=ERROR msg="User id buyicha malumotlarni olishda xatolik: pq: invalid input syntax for type uuid: \"\""
time=2024-07-12T13:15:28.157+05:00 level=ERROR msg="User id buyicha malumotlarni olishda xatolik: pq: invalid input syntax for type uuid: \"\""
time=2024-07-12T13:18:05.142+05:00 level=ERROR msg="User id buyicha malumotlarni olishda xatolik: pq: invalid input syntax for type uuid: \"\""
time=2024-07-12T13:24:09.128+05:00 level=ERROR msg="User id buyicha malumotlarni olishda xatolik: pq: invalid input syntax for type uuid: \":id\""
time=2024-07-12T13:27:26.739+05:00 level=ERROR msg="User id buyicha malumotlarni olishda xatolik: pq: invalid input syntax for type uuid: \":id\""
time=2024-07-12T13:33:51.489+05:00 level=ERROR msg="Malumotlarni update qilishda xatolik: pq: syntax error at or near \"status\""
time=2024-07-12T13:34:45.332+05:00 level=ERROR msg="Malumotlarni update qilishda xatolik: pq: syntax error at or near \"status\""
time=2024-07-12T13:35:31.983+05:00 level=ERROR msg="Malumotlarni update qilishda xatolik: pq: column \"restuarant_id\" of relation \"reservations\" does not exist"
time=2024-07-12T15:36:09.129+05:00 level=ERROR msg="Order service da xatolik: pq: INSERT has more expressions than target columns"
time=2024-07-12T15:40:34.138+05:00 level=ERROR msg="Payment service da xatolik: pq: relation \"reservation_payments\" does not exist"
time=2024-07-12T15:40:35.179+05:00 level=ERROR msg="Payment service da xatolik: pq: relation \"reservation_payments\" does not exist"
time=2024-07-12T17:33:45.818+05:00 level=ERROR msg="Malumotlarni olishda xatolik: pq: relation \"reservation\" does not exist"
time=2024-07-12T17:35:32.910+05:00 level=ERROR msg="Malumotlarni olishda xatolik: sql: expected 8 destination arguments in Scan, not 7"
time=2024-07-12T17:38:49.960+05:00 level=ERROR msg="Malumotlarni olishda xatolik: pq: column \"updated_at\" does not exist"
